[debug] [2017-07-08T19:53:25.991Z] ----------------------------------------------------------------------
[debug] [2017-07-08T19:53:25.995Z] Command:      /usr/local/bin/node /usr/local/bin/firebase serve
[debug] [2017-07-08T19:53:25.996Z] CLI Version:  3.9.1
[debug] [2017-07-08T19:53:25.996Z] Platform:     darwin
[debug] [2017-07-08T19:53:25.996Z] Node Version: v6.3.1
[debug] [2017-07-08T19:53:25.997Z] Time:         Sat Jul 08 2017 12:53:25 GMT-0700 (PDT)
[debug] [2017-07-08T19:53:25.997Z] ----------------------------------------------------------------------
[debug] 
[debug] [2017-07-08T19:53:26.012Z] > command requires scopes: ["email","openid","https://www.googleapis.com/auth/cloudplatformprojects.readonly","https://www.googleapis.com/auth/firebase","https://www.googleapis.com/auth/cloud-platform"]
[debug] [2017-07-08T19:53:26.012Z] > authorizing via signed-in user
[debug] [2017-07-08T19:53:26.014Z] >>> HTTP REQUEST GET https://admin.firebase.com/v1/projects/driversforhire-37d4f  
 Sat Jul 08 2017 12:53:26 GMT-0700 (PDT)
[debug] [2017-07-08T19:53:26.531Z] <<< HTTP RESPONSE 200
[debug] [2017-07-08T19:53:26.533Z] >>> HTTP REQUEST GET https://admin.firebase.com/v1/database/driversforhire-37d4f/tokens  
 Sat Jul 08 2017 12:53:26 GMT-0700 (PDT)
[debug] [2017-07-08T19:53:27.012Z] <<< HTTP RESPONSE 200
[info] 
[info] === Serving from '/Users/sudeshbanskota/Documents/github/driversforhire'...
[info] 
[debug] [2017-07-08T19:53:27.015Z] >>> HTTP REQUEST GET https://cloudresourcemanager.googleapis.com/v1/projects/driversforhire-37d4f  
 Sat Jul 08 2017 12:53:27 GMT-0700 (PDT)
[debug] [2017-07-08T19:53:27.467Z] <<< HTTP RESPONSE 200
[debug] [2017-07-08T19:53:27.468Z] >>> HTTP REQUEST GET https://mobilesdk-pa.googleapis.com/v1/projects/299010724009/clients/_:getWebAppConfig  
 Sat Jul 08 2017 12:53:27 GMT-0700 (PDT)
[debug] [2017-07-08T19:53:27.986Z] <<< HTTP RESPONSE 200
[info] i  hosting: Serving hosting files from: build
[info] ✔  hosting: Local server: http://localhost:5000

